Arguments: 
  /usr/local/bin/node /opt/homebrew/Cellar/yarn/1.22.19/libexec/bin/yarn.js init

PATH: 
  /Library/Frameworks/Python.framework/Versions/3.10/bin:/opt/local/bin:/opt/local/sbin:/Library/Frameworks/Python.framework/Versions/3.9/bin:/opt/homebrew/bin:/opt/homebrew/sbin:/usr/local/bin:/System/Cryptexes/App/usr/bin:/usr/bin:/bin:/usr/sbin:/sbin:/usr/local/aria2/bin:/Library/Apple/usr/bin:/Library/Frameworks/Python.framework/Versions/3.10/bin:/opt/local/bin:/opt/local/sbin:/Library/Frameworks/Python.framework/Versions/3.9/bin:/opt/homebrew/bin:/opt/homebrew/sbin:/Users/bgt/.rvm/bin:/Users/bgt/.rvm/bin

Yarn version: 
  1.22.19

Node version: 
  18.13.0

Platform: 
  darwin arm64

Trace: 
  Error: setRawMode ENOTTY
      at ReadStream.setRawMode (node:tty:77:31)
      at [_setRawMode] [as _setRawMode] (node:internal/readline/interface:380:18)
      at Interface.InterfaceConstructor (node:internal/readline/interface:316:22)
      at new Interface (node:readline:112:3)
      at Object.createInterface (node:readline:212:10)
      at read (/opt/homebrew/Cellar/yarn/1.22.19/libexec/lib/cli.js:137129:23)
      at /opt/homebrew/Cellar/yarn/1.22.19/libexec/lib/cli.js:92868:7
      at new Promise (<anonymous>)
      at new F (/opt/homebrew/Cellar/yarn/1.22.19/libexec/lib/cli.js:5305:28)
      at ConsoleReporter.question (/opt/homebrew/Cellar/yarn/1.22.19/libexec/lib/cli.js:92867:12)

npm manifest: 
  {
    "name": "login_nodejs_mongodb",
    "version": "1.0.0",
    "main": "index.js",
    "scripts": {
      "test": "echo \"Error: no test specified\" && exit 1"
    },
    "keywords": [],
    "author": "",
    "license": "ISC",
    "description": "",
    "dependencies": {
      "bcrypt": "^5.1.0",
      "body-parser": "^1.20.1",
      "dotenv": "^16.0.3",
      "ejs": "^3.1.8",
      "express": "^4.18.2",
      "express-session": "^1.17.3",
      "mongodb": "^4.13.0",
      "mongoose": "^6.8.4",
      "passport": "^0.6.0",
      "passport-local": "^1.0.0",
      "passport-local-mongoose": "^7.1.2",
      "react": "^18.2.0",
      "react-dom": "^18.2.0",
      "react-router": "^6.7.0",
      "react-router-dom": "^6.7.0",
      "react-scripts": "^5.0.1",
      "socket.io": "^4.5.4"
    }
  }

yarn manifest: 
  No manifest

Lockfile: 
  No lockfile
